<?xml version="1.0" encoding="UTF-8"?>
<!-- Generated by org.testng.reporters.JUnitReportReporter -->
<testsuite hostname="LAPTOP-0BIM7R4M" failures="0" tests="1" name="GTM.TestCases.CreateTender" time="60.424" errors="1" timestamp="2020-10-12T17:48:32 IST" skipped="0">
  <testcase classname="GTM.TestCases.CreateTender" name="TenderCreation" time="60.424">
    <error message="element click intercepted: Element &lt;one-app-nav-bar-item-root one-appnavbar_appnavbar=&quot;&quot; data-id=&quot;0Qk3j0000005B8DCAU&quot; data-assistive-id=&quot;operationId&quot; aria-hidden=&quot;false&quot; draggable=&quot;true&quot; class=&quot;navItem slds-context-bar__item slds-shrink-none&quot; role=&quot;listitem&quot;&gt;&lt;/one-app-nav-bar-item-root&gt; is not clickable at point (682, 28). Other element would receive the click: &lt;input class=&quot;slds-input slds-text-color_default slds-p-left--none slds-size--1-of-1 input default input uiInput uiInputTextForAutocomplete uiInput--{remove}&quot; maxlength=&quot;100&quot; role=&quot;combobox&quot; id=&quot;173:82;a&quot; aria-expanded=&quot;false&quot; aria-autocomplete=&quot;list&quot; type=&quot;text&quot; aria-describedby=&quot;&quot; aria-haspopup=&quot;true&quot; placeholder=&quot;Search...&quot; aria-activedescendant=&quot;&quot; title=&quot;Search...&quot; data-aura-rendered-by=&quot;199:82;a&quot; data-aura-class=&quot;uiInput uiInputTextForAutocomplete uiInput--{remove}&quot; data-interactive-lib-uid=&quot;2&quot; autocomplete=&quot;off&quot;&gt;
  (Session info: chrome=86.0.4240.75)
Build info: version: &#039;3.141.59&#039;, revision: &#039;e82be7d358&#039;, time: &#039;2018-11-14T08:17:03&#039;
System info: host: &#039;LAPTOP-0BIM7R4M&#039;, ip: &#039;192.168.0.2&#039;, os.name: &#039;Windows 10&#039;, os.arch: &#039;amd64&#039;, os.version: &#039;10.0&#039;, java.version: &#039;14.0.2&#039;
Driver info: org.openqa.selenium.chrome.ChromeDriver
Capabilities {acceptInsecureCerts: false, browserName: chrome, browserVersion: 86.0.4240.75, chrome: {chromedriverVersion: 85.0.4183.87 (cd6713ebf92fa..., userDataDir: C:\Users\Srikar\AppData\Loc...}, goog:chromeOptions: {debuggerAddress: localhost:58389}, javascriptEnabled: true, networkConnectionEnabled: false, pageLoadStrategy: normal, platform: WINDOWS, platformName: WINDOWS, proxy: Proxy(), setWindowRect: true, strictFileInteractability: false, timeouts: {implicit: 0, pageLoad: 300000, script: 30000}, unhandledPromptBehavior: dismiss and notify, webauthn:virtualAuthenticators: true}
Session ID: be29f657d7763ec951c1f1ad98723b07" type="org.openqa.selenium.ElementClickInterceptedException">
      <![CDATA[org.openqa.selenium.ElementClickInterceptedException: element click intercepted: Element <one-app-nav-bar-item-root one-appnavbar_appnavbar="" data-id="0Qk3j0000005B8DCAU" data-assistive-id="operationId" aria-hidden="false" draggable="true" class="navItem slds-context-bar__item slds-shrink-none" role="listitem"></one-app-nav-bar-item-root> is not clickable at point (682, 28). Other element would receive the click: <input class="slds-input slds-text-color_default slds-p-left--none slds-size--1-of-1 input default input uiInput uiInputTextForAutocomplete uiInput--{remove}" maxlength="100" role="combobox" id="173:82;a" aria-expanded="false" aria-autocomplete="list" type="text" aria-describedby="" aria-haspopup="true" placeholder="Search..." aria-activedescendant="" title="Search..." data-aura-rendered-by="199:82;a" data-aura-class="uiInput uiInputTextForAutocomplete uiInput--{remove}" data-interactive-lib-uid="2" autocomplete="off">
  (Session info: chrome=86.0.4240.75)
Build info: version: '3.141.59', revision: 'e82be7d358', time: '2018-11-14T08:17:03'
System info: host: 'LAPTOP-0BIM7R4M', ip: '192.168.0.2', os.name: 'Windows 10', os.arch: 'amd64', os.version: '10.0', java.version: '14.0.2'
Driver info: org.openqa.selenium.chrome.ChromeDriver
Capabilities {acceptInsecureCerts: false, browserName: chrome, browserVersion: 86.0.4240.75, chrome: {chromedriverVersion: 85.0.4183.87 (cd6713ebf92fa..., userDataDir: C:\Users\Srikar\AppData\Loc...}, goog:chromeOptions: {debuggerAddress: localhost:58389}, javascriptEnabled: true, networkConnectionEnabled: false, pageLoadStrategy: normal, platform: WINDOWS, platformName: WINDOWS, proxy: Proxy(), setWindowRect: true, strictFileInteractability: false, timeouts: {implicit: 0, pageLoad: 300000, script: 30000}, unhandledPromptBehavior: dismiss and notify, webauthn:virtualAuthenticators: true}
Session ID: be29f657d7763ec951c1f1ad98723b07
at java.base/jdk.internal.reflect.NativeConstructorAccessorImpl.newInstance0(Native Method)
at java.base/jdk.internal.reflect.NativeConstructorAccessorImpl.newInstance(NativeConstructorAccessorImpl.java:62)
at java.base/jdk.internal.reflect.DelegatingConstructorAccessorImpl.newInstance(DelegatingConstructorAccessorImpl.java:45)
at java.base/java.lang.reflect.Constructor.newInstanceWithCaller(Constructor.java:500)
at java.base/java.lang.reflect.Constructor.newInstance(Constructor.java:481)
at org.openqa.selenium.remote.http.W3CHttpResponseCodec.createException(W3CHttpResponseCodec.java:187)
at org.openqa.selenium.remote.http.W3CHttpResponseCodec.decode(W3CHttpResponseCodec.java:122)
at org.openqa.selenium.remote.http.W3CHttpResponseCodec.decode(W3CHttpResponseCodec.java:49)
at org.openqa.selenium.remote.HttpCommandExecutor.execute(HttpCommandExecutor.java:158)
at org.openqa.selenium.remote.service.DriverCommandExecutor.execute(DriverCommandExecutor.java:83)
at org.openqa.selenium.remote.RemoteWebDriver.execute(RemoteWebDriver.java:552)
at org.openqa.selenium.remote.RemoteWebElement.execute(RemoteWebElement.java:285)
at org.openqa.selenium.remote.RemoteWebElement.click(RemoteWebElement.java:84)
at GTM.Modules.TenderModule.CreateTenderByName(TenderModule.java:17)
at GTM.TestCases.CreateTender.TenderCreation(CreateTender.java:22)
at java.base/jdk.internal.reflect.NativeMethodAccessorImpl.invoke0(Native Method)
at java.base/jdk.internal.reflect.NativeMethodAccessorImpl.invoke(NativeMethodAccessorImpl.java:62)
at java.base/jdk.internal.reflect.DelegatingMethodAccessorImpl.invoke(DelegatingMethodAccessorImpl.java:43)
at java.base/java.lang.reflect.Method.invoke(Method.java:564)
at org.testng.internal.MethodInvocationHelper.invokeMethod(MethodInvocationHelper.java:134)
at org.testng.internal.TestInvoker.invokeMethod(TestInvoker.java:597)
at org.testng.internal.TestInvoker.invokeTestMethod(TestInvoker.java:173)
at org.testng.internal.MethodRunner.runInSequence(MethodRunner.java:46)
at org.testng.internal.TestInvoker$MethodInvocationAgent.invoke(TestInvoker.java:816)
at org.testng.internal.TestInvoker.invokeTestMethods(TestInvoker.java:146)
at org.testng.internal.TestMethodWorker.invokeTestMethods(TestMethodWorker.java:146)
at org.testng.internal.TestMethodWorker.run(TestMethodWorker.java:128)
at java.base/java.util.ArrayList.forEach(ArrayList.java:1511)
at org.testng.TestRunner.privateRun(TestRunner.java:766)
at org.testng.TestRunner.run(TestRunner.java:587)
at org.testng.SuiteRunner.runTest(SuiteRunner.java:384)
at org.testng.SuiteRunner.runSequentially(SuiteRunner.java:378)
at org.testng.SuiteRunner.privateRun(SuiteRunner.java:337)
at org.testng.SuiteRunner.run(SuiteRunner.java:286)
at org.testng.SuiteRunnerWorker.runSuite(SuiteRunnerWorker.java:53)
at org.testng.SuiteRunnerWorker.run(SuiteRunnerWorker.java:96)
at org.testng.TestNG.runSuitesSequentially(TestNG.java:1187)
at org.testng.TestNG.runSuitesLocally(TestNG.java:1109)
at org.testng.TestNG.runSuites(TestNG.java:1039)
at org.testng.TestNG.run(TestNG.java:1007)
at org.testng.remote.AbstractRemoteTestNG.run(AbstractRemoteTestNG.java:115)
at org.testng.remote.RemoteTestNG.initAndRun(RemoteTestNG.java:251)
at org.testng.remote.RemoteTestNG.main(RemoteTestNG.java:77)
]]>
    </error>
  </testcase> <!-- TenderCreation -->
  <system-out/>
</testsuite> <!-- GTM.TestCases.CreateTender -->
